TN:
SF:src\createFiles.js
FN:3,defaultDependencies
FN:18,executeWrites
FN:26,createFiles
FNF:3
FNH:3
FNDA:6,defaultDependencies
FNDA:3,executeWrites
FNDA:4,createFiles
DA:1,1
DA:2,1
DA:3,6
DA:4,6
DA:5,6
DA:6,6
DA:7,6
DA:8,6
DA:9,6
DA:10,6
DA:11,6
DA:12,6
DA:13,6
DA:14,6
DA:15,6
DA:16,6
DA:17,6
DA:18,6
DA:19,3
DA:20,3
DA:21,3
DA:22,3
DA:23,3
DA:24,6
DA:25,6
DA:26,1
DA:27,4
DA:28,4
DA:29,4
DA:30,4
DA:31,4
DA:32,4
DA:33,4
DA:34,4
DA:35,4
DA:36,4
DA:37,4
DA:38,4
DA:39,7
DA:40,7
DA:41,7
DA:42,7
DA:43,7
DA:44,7
DA:45,7
DA:46,7
DA:47,13
DA:48,13
DA:49,7
DA:50,7
DA:51,7
DA:52,7
DA:53,7
DA:54,6
DA:55,6
DA:56,6
DA:57,6
DA:58,6
DA:59,6
DA:60,6
DA:61,6
DA:62,6
DA:63,6
DA:64,6
DA:65,6
DA:66,6
DA:67,6
DA:68,3
DA:69,3
DA:70,3
DA:71,1
DA:72,1
DA:73,1
DA:74,1
DA:75,1
DA:76,1
LF:76
LH:76
BRDA:3,0,0,6
BRDA:18,1,0,3
BRDA:24,2,0,6
BRDA:26,3,0,4
BRDA:38,4,0,7
BRDA:52,5,0,1
BRDA:53,6,0,6
BRDA:67,7,0,3
BRDA:47,8,0,13
BRF:9
BRH:9
end_of_record
TN:
SF:src\createLayers.js
FN:1,createLayersIfNotExists
FNF:1
FNH:1
FNDA:2,createLayersIfNotExists
DA:1,2
DA:2,2
DA:3,2
DA:4,2
DA:5,2
DA:6,2
DA:7,2
DA:8,2
DA:9,2
DA:10,2
DA:11,2
DA:12,1
DA:13,1
DA:14,1
DA:15,1
DA:16,1
DA:17,1
LF:17
LH:17
BRDA:1,0,0,2
BRDA:9,1,0,6
BRDA:10,2,0,3
BRF:3
BRH:3
end_of_record
TN:
SF:src\util.js
FN:1,#transform
FN:6,upperCaseFirstLetter
FN:9,lowerCaseFirstLetter
FNF:3
FNH:3
FNDA:20,#transform
FNDA:8,upperCaseFirstLetter
FNDA:12,lowerCaseFirstLetter
DA:1,20
DA:2,20
DA:3,20
DA:4,20
DA:5,20
DA:6,1
DA:7,8
DA:8,8
DA:9,1
DA:10,12
DA:11,12
DA:12,1
DA:13,1
DA:14,1
DA:15,1
LF:15
LH:15
BRDA:1,0,0,20
BRDA:4,1,0,3
BRDA:4,2,0,17
BRDA:4,3,0,8
BRDA:4,4,0,9
BRDA:6,5,0,8
BRDA:9,6,0,12
BRF:7
BRH:7
end_of_record
TN:
SF:src\templates\factoryTemplate.js
FN:16,factoryTemplate
FNF:1
FNH:1
FNDA:1,factoryTemplate
DA:1,1
DA:2,1
DA:3,1
DA:4,1
DA:5,1
DA:6,1
DA:7,1
DA:8,1
DA:9,1
DA:10,1
DA:11,1
DA:12,1
DA:13,1
DA:14,1
DA:15,1
DA:16,1
DA:17,1
DA:18,1
DA:19,1
DA:20,1
DA:21,1
DA:22,1
DA:23,1
DA:24,1
DA:25,1
DA:26,1
DA:27,1
DA:28,1
DA:29,1
DA:30,1
DA:31,1
DA:32,1
DA:33,1
DA:34,1
DA:35,1
DA:36,1
DA:37,1
DA:38,1
DA:39,1
DA:40,1
DA:41,1
DA:42,1
LF:42
LH:42
BRDA:16,0,0,1
BRF:1
BRH:1
end_of_record
TN:
SF:src\templates\index.js
FNF:0
FNH:0
DA:1,1
DA:2,1
DA:3,1
DA:4,1
DA:5,1
DA:6,1
DA:7,1
DA:8,1
DA:9,1
LF:9
LH:9
BRF:0
BRH:0
end_of_record
TN:
SF:src\templates\repositoryTemplate.js
FN:18,repositoryTemplate
FNF:1
FNH:1
FNDA:3,repositoryTemplate
DA:1,1
DA:2,1
DA:3,1
DA:4,1
DA:5,1
DA:6,1
DA:7,1
DA:8,1
DA:9,1
DA:10,1
DA:11,1
DA:12,1
DA:13,1
DA:14,1
DA:15,1
DA:16,1
DA:17,1
DA:18,3
DA:19,3
DA:20,3
DA:21,3
DA:22,3
DA:23,3
DA:24,3
DA:25,3
DA:26,3
DA:27,3
DA:28,3
DA:29,1
DA:30,1
DA:31,1
DA:32,1
DA:33,1
DA:34,1
LF:34
LH:34
BRDA:18,0,0,3
BRF:1
BRH:1
end_of_record
TN:
SF:src\templates\serviceTemplate.js
FN:20,serviceTemplate
FNF:1
FNH:1
FNDA:2,serviceTemplate
DA:1,1
DA:2,1
DA:3,1
DA:4,1
DA:5,1
DA:6,1
DA:7,1
DA:8,1
DA:9,1
DA:10,1
DA:11,1
DA:12,1
DA:13,1
DA:14,1
DA:15,1
DA:16,1
DA:17,1
DA:18,1
DA:19,1
DA:20,2
DA:21,2
DA:22,2
DA:23,2
DA:24,2
DA:25,2
DA:26,2
DA:27,2
DA:28,2
DA:29,2
DA:30,2
DA:31,2
DA:32,2
DA:33,2
DA:34,1
DA:35,1
DA:36,1
DA:37,1
DA:38,1
DA:39,1
LF:39
LH:39
BRDA:20,0,0,2
BRF:1
BRH:1
end_of_record
