TN:
SF:src\createFiles.js
FN:2,defaultDependencies
FN:17,executeWrites
FN:25,createFiles
FNF:3
FNH:3
FNDA:12,defaultDependencies
FNDA:6,executeWrites
FNDA:7,createFiles
DA:1,1
DA:2,12
DA:3,12
DA:4,12
DA:5,12
DA:6,12
DA:7,12
DA:8,12
DA:9,12
DA:10,12
DA:11,12
DA:12,12
DA:13,12
DA:14,12
DA:15,12
DA:16,12
DA:17,12
DA:18,6
DA:19,6
DA:20,6
DA:21,6
DA:22,6
DA:23,12
DA:24,12
DA:25,1
DA:26,7
DA:27,7
DA:28,7
DA:29,7
DA:30,7
DA:31,7
DA:32,7
DA:33,7
DA:34,7
DA:35,7
DA:36,7
DA:37,7
DA:38,13
DA:39,13
DA:40,13
DA:41,13
DA:42,13
DA:43,13
DA:44,13
DA:45,13
DA:46,23
DA:47,23
DA:48,13
DA:49,13
DA:50,13
DA:51,13
DA:52,13
DA:53,12
DA:54,12
DA:55,12
DA:56,12
DA:57,12
DA:58,12
DA:59,12
DA:60,12
DA:61,12
DA:62,12
DA:63,12
DA:64,12
DA:65,12
DA:66,12
DA:67,6
DA:68,6
DA:69,6
DA:70,1
DA:71,1
DA:72,1
DA:73,1
DA:74,1
DA:75,1
LF:75
LH:75
BRDA:2,0,0,12
BRDA:17,1,0,6
BRDA:23,2,0,12
BRDA:25,3,0,7
BRDA:37,4,0,13
BRDA:51,5,0,1
BRDA:52,6,0,12
BRDA:66,7,0,6
BRDA:46,8,0,23
BRF:9
BRH:9
end_of_record
TN:
SF:src\createLayers.js
FN:1,createLayersIfNotExists
FNF:1
FNH:1
FNDA:3,createLayersIfNotExists
DA:1,3
DA:2,3
DA:3,3
DA:4,3
DA:5,3
DA:6,3
DA:7,3
DA:8,3
DA:9,3
DA:10,3
DA:11,3
DA:12,1
DA:13,1
DA:14,1
DA:15,1
DA:16,1
DA:17,1
LF:17
LH:17
BRDA:1,0,0,3
BRDA:9,1,0,9
BRDA:10,2,0,9
BRF:3
BRH:3
end_of_record
TN:
SF:src\util.js
FN:1,#transform
FN:6,upperCaseFirstLetter
FN:9,lowerCaseFirstLetter
FNF:3
FNH:3
FNDA:33,#transform
FNDA:19,upperCaseFirstLetter
FNDA:14,lowerCaseFirstLetter
DA:1,33
DA:2,33
DA:3,33
DA:4,33
DA:5,33
DA:6,1
DA:7,19
DA:8,19
DA:9,1
DA:10,14
DA:11,14
DA:12,1
DA:13,1
DA:14,1
DA:15,1
LF:15
LH:15
BRDA:1,0,0,33
BRDA:4,1,0,0
BRDA:4,2,0,19
BRDA:4,3,0,14
BRDA:6,4,0,19
BRDA:9,5,0,14
BRF:6
BRH:5
end_of_record
TN:
SF:src\templates\factoryTemplate.js
FN:16,factoryTemplate
FNF:1
FNH:1
FNDA:2,factoryTemplate
DA:1,1
DA:2,1
DA:3,1
DA:4,1
DA:5,1
DA:6,1
DA:7,1
DA:8,1
DA:9,1
DA:10,1
DA:11,1
DA:12,1
DA:13,1
DA:14,1
DA:15,1
DA:16,2
DA:17,2
DA:18,2
DA:19,2
DA:20,2
DA:21,2
DA:22,2
DA:23,2
DA:24,2
DA:25,2
DA:26,2
DA:27,2
DA:28,2
DA:29,2
DA:30,2
DA:31,2
DA:32,2
DA:33,2
DA:34,2
DA:35,2
DA:36,1
DA:37,1
DA:38,1
DA:39,1
DA:40,1
DA:41,1
DA:42,1
LF:42
LH:42
BRDA:16,0,0,2
BRF:1
BRH:1
end_of_record
TN:
SF:src\templates\index.js
FNF:0
FNH:0
DA:1,1
DA:2,1
DA:3,1
DA:4,1
DA:5,1
DA:6,1
DA:7,1
DA:8,1
DA:9,1
LF:9
LH:9
BRF:0
BRH:0
end_of_record
TN:
SF:src\templates\repositoryTemplate.js
FN:18,repositoryTemplate
FNF:1
FNH:1
FNDA:4,repositoryTemplate
DA:1,1
DA:2,1
DA:3,1
DA:4,1
DA:5,1
DA:6,1
DA:7,1
DA:8,1
DA:9,1
DA:10,1
DA:11,1
DA:12,1
DA:13,1
DA:14,1
DA:15,1
DA:16,1
DA:17,1
DA:18,4
DA:19,4
DA:20,4
DA:21,4
DA:22,4
DA:23,4
DA:24,4
DA:25,4
DA:26,4
DA:27,4
DA:28,4
DA:29,1
DA:30,1
DA:31,1
DA:32,1
DA:33,1
DA:34,1
LF:34
LH:34
BRDA:18,0,0,4
BRF:1
BRH:1
end_of_record
TN:
SF:src\templates\serviceTemplate.js
FN:20,serviceTemplate
FNF:1
FNH:1
FNDA:3,serviceTemplate
DA:1,1
DA:2,1
DA:3,1
DA:4,1
DA:5,1
DA:6,1
DA:7,1
DA:8,1
DA:9,1
DA:10,1
DA:11,1
DA:12,1
DA:13,1
DA:14,1
DA:15,1
DA:16,1
DA:17,1
DA:18,1
DA:19,1
DA:20,3
DA:21,3
DA:22,3
DA:23,3
DA:24,3
DA:25,3
DA:26,3
DA:27,3
DA:28,3
DA:29,3
DA:30,3
DA:31,3
DA:32,3
DA:33,3
DA:34,1
DA:35,1
DA:36,1
DA:37,1
DA:38,1
DA:39,1
LF:39
LH:39
BRDA:20,0,0,3
BRF:1
BRH:1
end_of_record
